# JRE version: Java(TM) SE Runtime Environment (8.0_144-b01) (build 1.8.0_144-b01)
# Java VM: Java HotSpot(TM) 64-Bit Server VM (25.144-b01 mixed mode windows-amd64 compressed oops)
Heap:
 PSYoungGen      total 124928K, used 45239K [0x00000000d6200000, 0x00000000df580000, 0x0000000100000000)
  eden space 102400K, 26% used [0x00000000d6200000,0x00000000d7cf7b28,0x00000000dc600000)
  from space 22528K, 78% used [0x00000000dc600000,0x00000000dd7361e8,0x00000000ddc00000)
  to   space 22016K, 0% used [0x00000000ddc00000,0x00000000ddc00000,0x00000000df180000)
 ParOldGen       total 70144K, used 41370K [0x0000000082600000, 0x0000000086a80000, 0x00000000d6200000)
  object space 70144K, 58% used [0x0000000082600000,0x0000000084e66800,0x0000000086a80000)
 Metaspace       used 28440K, capacity 28930K, committed 29184K, reserved 1075200K
  class space    used 3387K, capacity 3550K, committed 3584K, reserved 1048576K
GC Heap History (10 events):
Event: 44.162 GC heap before
{Heap before GC invocations=8 (full 1):
 PSYoungGen      total 74240K, used 65024K [0x00000000d6200000, 0x00000000db500000, 0x0000000100000000)
  eden space 65024K, 100% used [0x00000000d6200000,0x00000000da180000,0x00000000da180000)
  from space 9216K, 0% used [0x00000000dab00000,0x00000000dab00000,0x00000000db400000)
  to   space 9728K, 0% used [0x00000000da180000,0x00000000da180000,0x00000000dab00000)
 ParOldGen       total 70144K, used 11682K [0x0000000082600000, 0x0000000086a80000, 0x00000000d6200000)
  object space 70144K, 16% used [0x0000000082600000,0x0000000083168be8,0x0000000086a80000)
 Metaspace       used 24353K, capacity 24894K, committed 25216K, reserved 1071104K
  class space    used 2932K, capacity 3079K, committed 3200K, reserved 1048576K
Event: 44.337 GC heap after
Heap after GC invocations=8 (full 1):
 PSYoungGen      total 74752K, used 9701K [0x00000000d6200000, 0x00000000dcc80000, 0x0000000100000000)
  eden space 65024K, 0% used [0x00000000d6200000,0x00000000d6200000,0x00000000da180000)
  from space 9728K, 99% used [0x00000000da180000,0x00000000daaf96a8,0x00000000dab00000)
  to   space 11776K, 0% used [0x00000000dc100000,0x00000000dc100000,0x00000000dcc80000)
 ParOldGen       total 70144K, used 13947K [0x0000000082600000, 0x0000000086a80000, 0x00000000d6200000)
  object space 70144K, 19% used [0x0000000082600000,0x000000008339ee58,0x0000000086a80000)
 Metaspace       used 24353K, capacity 24894K, committed 25216K, reserved 1071104K
  class space    used 2932K, capacity 3079K, committed 3200K, reserved 1048576K
}
Event: 51.401 GC heap before
{Heap before GC invocations=9 (full 1):
 PSYoungGen      total 74752K, used 74725K [0x00000000d6200000, 0x00000000dcc80000, 0x0000000100000000)
  eden space 65024K, 100% used [0x00000000d6200000,0x00000000da180000,0x00000000da180000)
  from space 9728K, 99% used [0x00000000da180000,0x00000000daaf96a8,0x00000000dab00000)
  to   space 11776K, 0% used [0x00000000dc100000,0x00000000dc100000,0x00000000dcc80000)
 ParOldGen       total 70144K, used 13947K [0x0000000082600000, 0x0000000086a80000, 0x00000000d6200000)
  object space 70144K, 19% used [0x0000000082600000,0x000000008339ee58,0x0000000086a80000)
 Metaspace       used 28379K, capacity 28898K, committed 29184K, reserved 1075200K
  class space    used 3384K, capacity 3518K, committed 3584K, reserved 1048576K
Event: 51.627 GC heap after
Heap after GC invocations=9 (full 1):
 PSYoungGen      total 91648K, used 11745K [0x00000000d6200000, 0x00000000dd700000, 0x0000000100000000)
  eden space 79872K, 0% used [0x00000000d6200000,0x00000000d6200000,0x00000000db000000)
  from space 11776K, 99% used [0x00000000dc100000,0x00000000dcc78748,0x00000000dcc80000)
  to   space 17408K, 0% used [0x00000000db000000,0x00000000db000000,0x00000000dc100000)
 ParOldGen       total 70144K, used 24279K [0x0000000082600000, 0x0000000086a80000, 0x00000000d6200000)
  object space 70144K, 34% used [0x0000000082600000,0x0000000083db5db0,0x0000000086a80000)
 Metaspace       used 28379K, capacity 28898K, committed 29184K, reserved 1075200K
  class space    used 3384K, capacity 3518K, committed 3584K, reserved 1048576K
}
Event: 54.586 GC heap before
{Heap before GC invocations=10 (full 1):
 PSYoungGen      total 91648K, used 91617K [0x00000000d6200000, 0x00000000dd700000, 0x0000000100000000)
  eden space 79872K, 100% used [0x00000000d6200000,0x00000000db000000,0x00000000db000000)
  from space 11776K, 99% used [0x00000000dc100000,0x00000000dcc78748,0x00000000dcc80000)
  to   space 17408K, 0% used [0x00000000db000000,0x00000000db000000,0x00000000dc100000)
 ParOldGen       total 70144K, used 24279K [0x0000000082600000, 0x0000000086a80000, 0x00000000d6200000)
  object space 70144K, 34% used [0x0000000082600000,0x0000000083db5db0,0x0000000086a80000)
 Metaspace       used 28414K, capacity 28898K, committed 29184K, reserved 1075200K
  class space    used 3384K, capacity 3518K, committed 3584K, reserved 1048576K
Event: 55.191 GC heap after
Heap after GC invocations=10 (full 1):
 PSYoungGen      total 97280K, used 17377K [0x00000000d6200000, 0x00000000df180000, 0x0000000100000000)
  eden space 79872K, 0% used [0x00000000d6200000,0x00000000d6200000,0x00000000db000000)
  from space 17408K, 99% used [0x00000000db000000,0x00000000dc0f8638,0x00000000dc100000)
  to   space 22016K, 0% used [0x00000000ddc00000,0x00000000ddc00000,0x00000000df180000)
 ParOldGen       total 70144K, used 29416K [0x0000000082600000, 0x0000000086a80000, 0x00000000d6200000)
  object space 70144K, 41% used [0x0000000082600000,0x00000000842ba240,0x0000000086a80000)
 Metaspace       used 28414K, capacity 28898K, committed 29184K, reserved 1075200K
  class space    used 3384K, capacity 3518K, committed 3584K, reserved 1048576K
}
Event: 56.925 GC heap before
{Heap before GC invocations=11 (full 1):
 PSYoungGen      total 97280K, used 97244K [0x00000000d6200000, 0x00000000df180000, 0x0000000100000000)
  eden space 79872K, 99% used [0x00000000d6200000,0x00000000daffecc0,0x00000000db000000)
  from space 17408K, 99% used [0x00000000db000000,0x00000000dc0f8638,0x00000000dc100000)
  to   space 22016K, 0% used [0x00000000ddc00000,0x00000000ddc00000,0x00000000df180000)
 ParOldGen       total 70144K, used 29416K [0x0000000082600000, 0x0000000086a80000, 0x00000000d6200000)
  object space 70144K, 41% used [0x0000000082600000,0x00000000842ba240,0x0000000086a80000)
 Metaspace       used 28437K, capacity 28930K, committed 29184K, reserved 1075200K
  class space    used 3387K, capacity 3550K, committed 3584K, reserved 1048576K
Event: 57.219 GC heap after
Heap after GC invocations=11 (full 1):
 PSYoungGen      total 124416K, used 16096K [0x00000000d6200000, 0x00000000df580000, 0x0000000100000000)
  eden space 102400K, 0% used [0x00000000d6200000,0x00000000d6200000,0x00000000dc600000)
  from space 22016K, 73% used [0x00000000ddc00000,0x00000000debb8340,0x00000000df180000)
  to   space 22528K, 0% used [0x00000000dc600000,0x00000000dc600000,0x00000000ddc00000)
 ParOldGen       total 70144K, used 38309K [0x0000000082600000, 0x0000000086a80000, 0x00000000d6200000)
  object space 70144K, 54% used [0x0000000082600000,0x0000000084b695a8,0x0000000086a80000)
 Metaspace       used 28437K, capacity 28930K, committed 29184K, reserved 1075200K
  class space    used 3387K, capacity 3550K, committed 3584K, reserved 1048576K
}
Event: 60.248 GC heap before
{Heap before GC invocations=12 (full 1):
 PSYoungGen      total 124416K, used 118496K [0x00000000d6200000, 0x00000000df580000, 0x0000000100000000)
  eden space 102400K, 100% used [0x00000000d6200000,0x00000000dc600000,0x00000000dc600000)
  from space 22016K, 73% used [0x00000000ddc00000,0x00000000debb8340,0x00000000df180000)
  to   space 22528K, 0% used [0x00000000dc600000,0x00000000dc600000,0x00000000ddc00000)
 ParOldGen       total 70144K, used 38309K [0x0000000082600000, 0x0000000086a80000, 0x00000000d6200000)
  object space 70144K, 54% used [0x0000000082600000,0x0000000084b695a8,0x0000000086a80000)
 Metaspace       used 28440K, capacity 28930K, committed 29184K, reserved 1075200K
  class space    used 3387K, capacity 3550K, committed 3584K, reserved 1048576K
Event: 60.318 GC heap after
Heap after GC invocations=12 (full 1):
 PSYoungGen      total 124928K, used 17624K [0x00000000d6200000, 0x00000000df580000, 0x0000000100000000)
  eden space 102400K, 0% used [0x00000000d6200000,0x00000000d6200000,0x00000000dc600000)
  from space 22528K, 78% used [0x00000000dc600000,0x00000000dd7361e8,0x00000000ddc00000)
  to   space 22016K, 0% used [0x00000000ddc00000,0x00000000ddc00000,0x00000000df180000)
 ParOldGen       total 70144K, used 41370K [0x0000000082600000, 0x0000000086a80000, 0x00000000d6200000)
  object space 70144K, 58% used [0x0000000082600000,0x0000000084e66800,0x0000000086a80000)
 Metaspace       used 28440K, capacity 28930K, committed 29184K, reserved 1075200K
  class space    used 3387K, capacity 3550K, committed 3584K, reserved 1048576K
}

