# JRE version: Java(TM) SE Runtime Environment (8.0_144-b01) (build 1.8.0_144-b01)
# Java VM: Java HotSpot(TM) 64-Bit Server VM (25.144-b01 mixed mode windows-amd64 compressed oops)
Heap:
 PSYoungGen      total 232960K, used 158697K [0x00000000d6200000, 0x00000000edf80000, 0x0000000100000000)
  eden space 209920K, 75% used [0x00000000d6200000,0x00000000dfcfa5c8,0x00000000e2f00000)
  from space 23040K, 0% used [0x00000000e2f00000,0x00000000e2f00000,0x00000000e4580000)
  to   space 33280K, 0% used [0x00000000ebf00000,0x00000000ebf00000,0x00000000edf80000)
 ParOldGen       total 64000K, used 49631K [0x0000000082600000, 0x0000000086480000, 0x00000000d6200000)
  object space 64000K, 77% used [0x0000000082600000,0x0000000085677d48,0x0000000086480000)
 Metaspace       used 24439K, capacity 25056K, committed 25344K, reserved 1071104K
  class space    used 2855K, capacity 3004K, committed 3072K, reserved 1048576K
GC Heap History (10 events):
Event: 34.564 GC heap before
{Heap before GC invocations=7 (full 1):
 PSYoungGen      total 141824K, used 8667K [0x00000000d6200000, 0x00000000df700000, 0x0000000100000000)
  eden space 131072K, 0% used [0x00000000d6200000,0x00000000d6200000,0x00000000de200000)
  from space 10752K, 80% used [0x00000000dec80000,0x00000000df4f6e50,0x00000000df700000)
  to   space 10752K, 0% used [0x00000000de200000,0x00000000de200000,0x00000000dec80000)
 ParOldGen       total 86016K, used 11444K [0x0000000082600000, 0x0000000087a00000, 0x00000000d6200000)
  object space 86016K, 13% used [0x0000000082600000,0x000000008312d3c8,0x0000000087a00000)
 Metaspace       used 20675K, capacity 21162K, committed 21248K, reserved 1069056K
  class space    used 2434K, capacity 2559K, committed 2560K, reserved 1048576K
Event: 34.844 GC heap after
Heap after GC invocations=7 (full 1):
 PSYoungGen      total 141824K, used 0K [0x00000000d6200000, 0x00000000df700000, 0x0000000100000000)
  eden space 131072K, 0% used [0x00000000d6200000,0x00000000d6200000,0x00000000de200000)
  from space 10752K, 0% used [0x00000000dec80000,0x00000000dec80000,0x00000000df700000)
  to   space 10752K, 0% used [0x00000000de200000,0x00000000de200000,0x00000000dec80000)
 ParOldGen       total 64000K, used 15100K [0x0000000082600000, 0x0000000086480000, 0x00000000d6200000)
  object space 64000K, 23% used [0x0000000082600000,0x00000000834bf2d0,0x0000000086480000)
 Metaspace       used 20675K, capacity 21162K, committed 21248K, reserved 1069056K
  class space    used 2434K, capacity 2559K, committed 2560K, reserved 1048576K
}
Event: 41.527 GC heap before
{Heap before GC invocations=8 (full 1):
 PSYoungGen      total 141824K, used 131072K [0x00000000d6200000, 0x00000000df700000, 0x0000000100000000)
  eden space 131072K, 100% used [0x00000000d6200000,0x00000000de200000,0x00000000de200000)
  from space 10752K, 0% used [0x00000000dec80000,0x00000000dec80000,0x00000000df700000)
  to   space 10752K, 0% used [0x00000000de200000,0x00000000de200000,0x00000000dec80000)
 ParOldGen       total 64000K, used 15100K [0x0000000082600000, 0x0000000086480000, 0x00000000d6200000)
  object space 64000K, 23% used [0x0000000082600000,0x00000000834bf2d0,0x0000000086480000)
 Metaspace       used 23822K, capacity 24398K, committed 24448K, reserved 1071104K
  class space    used 2782K, capacity 2934K, committed 2944K, reserved 1048576K
Event: 41.587 GC heap after
Heap after GC invocations=8 (full 1):
 PSYoungGen      total 141824K, used 10724K [0x00000000d6200000, 0x00000000e5580000, 0x0000000100000000)
  eden space 131072K, 0% used [0x00000000d6200000,0x00000000d6200000,0x00000000de200000)
  from space 10752K, 99% used [0x00000000de200000,0x00000000dec79180,0x00000000dec80000)
  to   space 16384K, 0% used [0x00000000e4580000,0x00000000e4580000,0x00000000e5580000)
 ParOldGen       total 64000K, used 23981K [0x0000000082600000, 0x0000000086480000, 0x00000000d6200000)
  object space 64000K, 37% used [0x0000000082600000,0x0000000083d6b578,0x0000000086480000)
 Metaspace       used 23822K, capacity 24398K, committed 24448K, reserved 1071104K
  class space    used 2782K, capacity 2934K, committed 2944K, reserved 1048576K
}
Event: 44.409 GC heap before
{Heap before GC invocations=9 (full 1):
 PSYoungGen      total 141824K, used 141796K [0x00000000d6200000, 0x00000000e5580000, 0x0000000100000000)
  eden space 131072K, 100% used [0x00000000d6200000,0x00000000de200000,0x00000000de200000)
  from space 10752K, 99% used [0x00000000de200000,0x00000000dec79180,0x00000000dec80000)
  to   space 16384K, 0% used [0x00000000e4580000,0x00000000e4580000,0x00000000e5580000)
 ParOldGen       total 64000K, used 23981K [0x0000000082600000, 0x0000000086480000, 0x00000000d6200000)
  object space 64000K, 37% used [0x0000000082600000,0x0000000083d6b578,0x0000000086480000)
 Metaspace       used 23855K, capacity 24408K, committed 24448K, reserved 1071104K
  class space    used 2786K, capacity 2936K, committed 2944K, reserved 1048576K
Event: 44.592 GC heap after
Heap after GC invocations=9 (full 1):
 PSYoungGen      total 226304K, used 16360K [0x00000000d6200000, 0x00000000e7180000, 0x0000000100000000)
  eden space 209920K, 0% used [0x00000000d6200000,0x00000000d6200000,0x00000000e2f00000)
  from space 16384K, 99% used [0x00000000e4580000,0x00000000e557a280,0x00000000e5580000)
  to   space 23040K, 0% used [0x00000000e2f00000,0x00000000e2f00000,0x00000000e4580000)
 ParOldGen       total 64000K, used 33330K [0x0000000082600000, 0x0000000086480000, 0x00000000d6200000)
  object space 64000K, 52% used [0x0000000082600000,0x000000008468ca98,0x0000000086480000)
 Metaspace       used 23855K, capacity 24408K, committed 24448K, reserved 1071104K
  class space    used 2786K, capacity 2936K, committed 2944K, reserved 1048576K
}
Event: 51.422 GC heap before
{Heap before GC invocations=10 (full 1):
 PSYoungGen      total 226304K, used 226280K [0x00000000d6200000, 0x00000000e7180000, 0x0000000100000000)
  eden space 209920K, 100% used [0x00000000d6200000,0x00000000e2f00000,0x00000000e2f00000)
  from space 16384K, 99% used [0x00000000e4580000,0x00000000e557a280,0x00000000e5580000)
  to   space 23040K, 0% used [0x00000000e2f00000,0x00000000e2f00000,0x00000000e4580000)
 ParOldGen       total 64000K, used 33330K [0x0000000082600000, 0x0000000086480000, 0x00000000d6200000)
  object space 64000K, 52% used [0x0000000082600000,0x000000008468ca98,0x0000000086480000)
 Metaspace       used 23859K, capacity 24408K, committed 24448K, reserved 1071104K
  class space    used 2786K, capacity 2936K, committed 2944K, reserved 1048576K
Event: 53.445 GC heap after
Heap after GC invocations=10 (full 1):
 PSYoungGen      total 232960K, used 23037K [0x00000000d6200000, 0x00000000edf80000, 0x0000000100000000)
  eden space 209920K, 0% used [0x00000000d6200000,0x00000000d6200000,0x00000000e2f00000)
  from space 23040K, 99% used [0x00000000e2f00000,0x00000000e457f548,0x00000000e4580000)
  to   space 33280K, 0% used [0x00000000ebf00000,0x00000000ebf00000,0x00000000edf80000)
 ParOldGen       total 64000K, used 50362K [0x0000000082600000, 0x0000000086480000, 0x00000000d6200000)
  object space 64000K, 78% used [0x0000000082600000,0x000000008572e840,0x0000000086480000)
 Metaspace       used 23859K, capacity 24408K, committed 24448K, reserved 1071104K
  class space    used 2786K, capacity 2936K, committed 2944K, reserved 1048576K
}
Event: 53.445 GC heap before
{Heap before GC invocations=11 (full 2):
 PSYoungGen      total 232960K, used 23037K [0x00000000d6200000, 0x00000000edf80000, 0x0000000100000000)
  eden space 209920K, 0% used [0x00000000d6200000,0x00000000d6200000,0x00000000e2f00000)
  from space 23040K, 99% used [0x00000000e2f00000,0x00000000e457f548,0x00000000e4580000)
  to   space 33280K, 0% used [0x00000000ebf00000,0x00000000ebf00000,0x00000000edf80000)
 ParOldGen       total 64000K, used 50362K [0x0000000082600000, 0x0000000086480000, 0x00000000d6200000)
  object space 64000K, 78% used [0x0000000082600000,0x000000008572e840,0x0000000086480000)
 Metaspace       used 23859K, capacity 24408K, committed 24448K, reserved 1071104K
  class space    used 2786K, capacity 2936K, committed 2944K, reserved 1048576K
Event: 54.528 GC heap after
Heap after GC invocations=11 (full 2):
 PSYoungGen      total 232960K, used 0K [0x00000000d6200000, 0x00000000edf80000, 0x0000000100000000)
  eden space 209920K, 0% used [0x00000000d6200000,0x00000000d6200000,0x00000000e2f00000)
  from space 23040K, 0% used [0x00000000e2f00000,0x00000000e2f00000,0x00000000e4580000)
  to   space 33280K, 0% used [0x00000000ebf00000,0x00000000ebf00000,0x00000000edf80000)
 ParOldGen       total 64000K, used 49631K [0x0000000082600000, 0x0000000086480000, 0x00000000d6200000)
  object space 64000K, 77% used [0x0000000082600000,0x0000000085677d48,0x0000000086480000)
 Metaspace       used 23859K, capacity 24408K, committed 24448K, reserved 1071104K
  class space    used 2786K, capacity 2936K, committed 2944K, reserved 1048576K
}

