# JRE version: Java(TM) SE Runtime Environment (8.0_144-b01) (build 1.8.0_144-b01)
# Java VM: Java HotSpot(TM) 64-Bit Server VM (25.144-b01 mixed mode windows-amd64 compressed oops)
Heap:
 PSYoungGen      total 216576K, used 171037K [0x00000000d6200000, 0x00000000ea400000, 0x0000000100000000)
  eden space 193536K, 76% used [0x00000000d6200000,0x00000000df28c238,0x00000000e1f00000)
  from space 23040K, 99% used [0x00000000e1f00000,0x00000000e357b400,0x00000000e3580000)
  to   space 32256K, 0% used [0x00000000e8480000,0x00000000e8480000,0x00000000ea400000)
 ParOldGen       total 69120K, used 45327K [0x0000000082600000, 0x0000000086980000, 0x00000000d6200000)
  object space 69120K, 65% used [0x0000000082600000,0x0000000085243cb0,0x0000000086980000)
 Metaspace       used 23764K, capacity 24280K, committed 24496K, reserved 1071104K
  class space    used 2783K, capacity 2936K, committed 2992K, reserved 1048576K
GC Heap History (10 events):
Event: 5.014 GC heap before
{Heap before GC invocations=6 (full 0):
 PSYoungGen      total 70656K, used 32461K [0x00000000d6200000, 0x00000000df700000, 0x0000000100000000)
  eden space 65536K, 41% used [0x00000000d6200000,0x00000000d7cb53f8,0x00000000da200000)
  from space 5120K, 99% used [0x00000000da200000,0x00000000da6fe030,0x00000000da700000)
  to   space 10752K, 0% used [0x00000000dec80000,0x00000000dec80000,0x00000000df700000)
 ParOldGen       total 86016K, used 11250K [0x0000000082600000, 0x0000000087a00000, 0x00000000d6200000)
  object space 86016K, 13% used [0x0000000082600000,0x00000000830fca38,0x0000000087a00000)
 Metaspace       used 20765K, capacity 21194K, committed 21296K, reserved 1069056K
  class space    used 2459K, capacity 2591K, committed 2608K, reserved 1048576K
Event: 5.025 GC heap after
Heap after GC invocations=6 (full 0):
 PSYoungGen      total 141824K, used 8353K [0x00000000d6200000, 0x00000000df700000, 0x0000000100000000)
  eden space 131072K, 0% used [0x00000000d6200000,0x00000000d6200000,0x00000000de200000)
  from space 10752K, 77% used [0x00000000dec80000,0x00000000df4a8548,0x00000000df700000)
  to   space 10752K, 0% used [0x00000000de200000,0x00000000de200000,0x00000000dec80000)
 ParOldGen       total 86016K, used 11258K [0x0000000082600000, 0x0000000087a00000, 0x00000000d6200000)
  object space 86016K, 13% used [0x0000000082600000,0x00000000830fea38,0x0000000087a00000)
 Metaspace       used 20765K, capacity 21194K, committed 21296K, reserved 1069056K
  class space    used 2459K, capacity 2591K, committed 2608K, reserved 1048576K
}
Event: 5.025 GC heap before
{Heap before GC invocations=7 (full 1):
 PSYoungGen      total 141824K, used 8353K [0x00000000d6200000, 0x00000000df700000, 0x0000000100000000)
  eden space 131072K, 0% used [0x00000000d6200000,0x00000000d6200000,0x00000000de200000)
  from space 10752K, 77% used [0x00000000dec80000,0x00000000df4a8548,0x00000000df700000)
  to   space 10752K, 0% used [0x00000000de200000,0x00000000de200000,0x00000000dec80000)
 ParOldGen       total 86016K, used 11258K [0x0000000082600000, 0x0000000087a00000, 0x00000000d6200000)
  object space 86016K, 13% used [0x0000000082600000,0x00000000830fea38,0x0000000087a00000)
 Metaspace       used 20765K, capacity 21194K, committed 21296K, reserved 1069056K
  class space    used 2459K, capacity 2591K, committed 2608K, reserved 1048576K
Event: 5.097 GC heap after
Heap after GC invocations=7 (full 1):
 PSYoungGen      total 141824K, used 0K [0x00000000d6200000, 0x00000000df700000, 0x0000000100000000)
  eden space 131072K, 0% used [0x00000000d6200000,0x00000000d6200000,0x00000000de200000)
  from space 10752K, 0% used [0x00000000dec80000,0x00000000dec80000,0x00000000df700000)
  to   space 10752K, 0% used [0x00000000de200000,0x00000000de200000,0x00000000dec80000)
 ParOldGen       total 69120K, used 13156K [0x0000000082600000, 0x0000000086980000, 0x00000000d6200000)
  object space 69120K, 19% used [0x0000000082600000,0x00000000832d90c0,0x0000000086980000)
 Metaspace       used 20765K, capacity 21194K, committed 21296K, reserved 1069056K
  class space    used 2459K, capacity 2591K, committed 2608K, reserved 1048576K
}
Event: 6.547 GC heap before
{Heap before GC invocations=8 (full 1):
 PSYoungGen      total 141824K, used 131072K [0x00000000d6200000, 0x00000000df700000, 0x0000000100000000)
  eden space 131072K, 100% used [0x00000000d6200000,0x00000000de200000,0x00000000de200000)
  from space 10752K, 0% used [0x00000000dec80000,0x00000000dec80000,0x00000000df700000)
  to   space 10752K, 0% used [0x00000000de200000,0x00000000de200000,0x00000000dec80000)
 ParOldGen       total 69120K, used 13156K [0x0000000082600000, 0x0000000086980000, 0x00000000d6200000)
  object space 69120K, 19% used [0x0000000082600000,0x00000000832d90c0,0x0000000086980000)
 Metaspace       used 23671K, capacity 24174K, committed 24496K, reserved 1071104K
  class space    used 2778K, capacity 2902K, committed 2992K, reserved 1048576K
Event: 6.585 GC heap after
Heap after GC invocations=8 (full 1):
 PSYoungGen      total 141824K, used 10743K [0x00000000d6200000, 0x00000000e4680000, 0x0000000100000000)
  eden space 131072K, 0% used [0x00000000d6200000,0x00000000d6200000,0x00000000de200000)
  from space 10752K, 99% used [0x00000000de200000,0x00000000dec7de30,0x00000000dec80000)
  to   space 17408K, 0% used [0x00000000e3580000,0x00000000e3580000,0x00000000e4680000)
 ParOldGen       total 69120K, used 24553K [0x0000000082600000, 0x0000000086980000, 0x00000000d6200000)
  object space 69120K, 35% used [0x0000000082600000,0x0000000083dfa6d8,0x0000000086980000)
 Metaspace       used 23671K, capacity 24174K, committed 24496K, reserved 1071104K
  class space    used 2778K, capacity 2902K, committed 2992K, reserved 1048576K
}
Event: 7.597 GC heap before
{Heap before GC invocations=9 (full 1):
 PSYoungGen      total 141824K, used 141815K [0x00000000d6200000, 0x00000000e4680000, 0x0000000100000000)
  eden space 131072K, 100% used [0x00000000d6200000,0x00000000de200000,0x00000000de200000)
  from space 10752K, 99% used [0x00000000de200000,0x00000000dec7de30,0x00000000dec80000)
  to   space 17408K, 0% used [0x00000000e3580000,0x00000000e3580000,0x00000000e4680000)
 ParOldGen       total 69120K, used 24553K [0x0000000082600000, 0x0000000086980000, 0x00000000d6200000)
  object space 69120K, 35% used [0x0000000082600000,0x0000000083dfa6d8,0x0000000086980000)
 Metaspace       used 23730K, capacity 24238K, committed 24496K, reserved 1071104K
  class space    used 2778K, capacity 2902K, committed 2992K, reserved 1048576K
Event: 7.632 GC heap after
Heap after GC invocations=9 (full 1):
 PSYoungGen      total 210944K, used 17391K [0x00000000d6200000, 0x00000000e5980000, 0x0000000100000000)
  eden space 193536K, 0% used [0x00000000d6200000,0x00000000d6200000,0x00000000e1f00000)
  from space 17408K, 99% used [0x00000000e3580000,0x00000000e467bfc0,0x00000000e4680000)
  to   space 23040K, 0% used [0x00000000e1f00000,0x00000000e1f00000,0x00000000e3580000)
 ParOldGen       total 69120K, used 31855K [0x0000000082600000, 0x0000000086980000, 0x00000000d6200000)
  object space 69120K, 46% used [0x0000000082600000,0x000000008451bc60,0x0000000086980000)
 Metaspace       used 23730K, capacity 24238K, committed 24496K, reserved 1071104K
  class space    used 2778K, capacity 2902K, committed 2992K, reserved 1048576K
}
Event: 8.582 GC heap before
{Heap before GC invocations=10 (full 1):
 PSYoungGen      total 210944K, used 210927K [0x00000000d6200000, 0x00000000e5980000, 0x0000000100000000)
  eden space 193536K, 100% used [0x00000000d6200000,0x00000000e1f00000,0x00000000e1f00000)
  from space 17408K, 99% used [0x00000000e3580000,0x00000000e467bfc0,0x00000000e4680000)
  to   space 23040K, 0% used [0x00000000e1f00000,0x00000000e1f00000,0x00000000e3580000)
 ParOldGen       total 69120K, used 31855K [0x0000000082600000, 0x0000000086980000, 0x00000000d6200000)
  object space 69120K, 46% used [0x0000000082600000,0x000000008451bc60,0x0000000086980000)
 Metaspace       used 23762K, capacity 24280K, committed 24496K, reserved 1071104K
  class space    used 2783K, capacity 2936K, committed 2992K, reserved 1048576K
Event: 8.614 GC heap after
Heap after GC invocations=10 (full 1):
 PSYoungGen      total 216576K, used 23021K [0x00000000d6200000, 0x00000000ea400000, 0x0000000100000000)
  eden space 193536K, 0% used [0x00000000d6200000,0x00000000d6200000,0x00000000e1f00000)
  from space 23040K, 99% used [0x00000000e1f00000,0x00000000e357b400,0x00000000e3580000)
  to   space 32256K, 0% used [0x00000000e8480000,0x00000000e8480000,0x00000000ea400000)
 ParOldGen       total 69120K, used 45327K [0x0000000082600000, 0x0000000086980000, 0x00000000d6200000)
  object space 69120K, 65% used [0x0000000082600000,0x0000000085243cb0,0x0000000086980000)
 Metaspace       used 23762K, capacity 24280K, committed 24496K, reserved 1071104K
  class space    used 2783K, capacity 2936K, committed 2992K, reserved 1048576K
}

