# JRE version: Java(TM) SE Runtime Environment (8.0_144-b01) (build 1.8.0_144-b01)
# Java VM: Java HotSpot(TM) 64-Bit Server VM (25.144-b01 mixed mode windows-amd64 compressed oops)
Heap:
 PSYoungGen      total 136192K, used 3815K [0x00000000d6200000, 0x00000000dec00000, 0x0000000100000000)
  eden space 131072K, 2% used [0x00000000d6200000,0x00000000d65b9ef8,0x00000000de200000)
  from space 5120K, 0% used [0x00000000de200000,0x00000000de200000,0x00000000de700000)
  to   space 5120K, 0% used [0x00000000de700000,0x00000000de700000,0x00000000dec00000)
 ParOldGen       total 61952K, used 40389K [0x0000000082600000, 0x0000000086280000, 0x00000000d6200000)
  object space 61952K, 65% used [0x0000000082600000,0x0000000084d71520,0x0000000086280000)
 Metaspace       used 37251K, capacity 37932K, committed 38272K, reserved 1083392K
  class space    used 4480K, capacity 4690K, committed 4736K, reserved 1048576K
GC Heap History (10 events):
Event: 9.614 GC heap after
Heap after GC invocations=9 (full 2):
 PSYoungGen      total 136192K, used 0K [0x00000000d6200000, 0x00000000dec00000, 0x0000000100000000)
  eden space 131072K, 0% used [0x00000000d6200000,0x00000000d6200000,0x00000000de200000)
  from space 5120K, 0% used [0x00000000de200000,0x00000000de200000,0x00000000de700000)
  to   space 5120K, 0% used [0x00000000de700000,0x00000000de700000,0x00000000dec00000)
 ParOldGen       total 61952K, used 48771K [0x0000000082600000, 0x0000000086280000, 0x00000000d6200000)
  object space 61952K, 78% used [0x0000000082600000,0x00000000855a0f28,0x0000000086280000)
 Metaspace       used 28606K, capacity 29168K, committed 29184K, reserved 1075200K
  class space    used 3421K, capacity 3584K, committed 3584K, reserved 1048576K
}
Event: 10.737 GC heap before
{Heap before GC invocations=10 (full 3):
 PSYoungGen      total 136192K, used 131072K [0x00000000d6200000, 0x00000000dec00000, 0x0000000100000000)
  eden space 131072K, 100% used [0x00000000d6200000,0x00000000de200000,0x00000000de200000)
  from space 5120K, 0% used [0x00000000de200000,0x00000000de200000,0x00000000de700000)
  to   space 5120K, 0% used [0x00000000de700000,0x00000000de700000,0x00000000dec00000)
 ParOldGen       total 61952K, used 48771K [0x0000000082600000, 0x0000000086280000, 0x00000000d6200000)
  object space 61952K, 78% used [0x0000000082600000,0x00000000855a0f28,0x0000000086280000)
 Metaspace       used 28609K, capacity 29168K, committed 29184K, reserved 1075200K
  class space    used 3421K, capacity 3584K, committed 3584K, reserved 1048576K
Event: 11.032 GC heap after
Heap after GC invocations=10 (full 3):
 PSYoungGen      total 136192K, used 0K [0x00000000d6200000, 0x00000000dec00000, 0x0000000100000000)
  eden space 131072K, 0% used [0x00000000d6200000,0x00000000d6200000,0x00000000de200000)
  from space 5120K, 0% used [0x00000000de200000,0x00000000de200000,0x00000000de700000)
  to   space 5120K, 0% used [0x00000000de700000,0x00000000de700000,0x00000000dec00000)
 ParOldGen       total 61952K, used 47189K [0x0000000082600000, 0x0000000086280000, 0x00000000d6200000)
  object space 61952K, 76% used [0x0000000082600000,0x0000000085415688,0x0000000086280000)
 Metaspace       used 28609K, capacity 29168K, committed 29184K, reserved 1075200K
  class space    used 3421K, capacity 3584K, committed 3584K, reserved 1048576K
}
Event: 11.733 GC heap before
{Heap before GC invocations=11 (full 4):
 PSYoungGen      total 136192K, used 131072K [0x00000000d6200000, 0x00000000dec00000, 0x0000000100000000)
  eden space 131072K, 100% used [0x00000000d6200000,0x00000000de200000,0x00000000de200000)
  from space 5120K, 0% used [0x00000000de200000,0x00000000de200000,0x00000000de700000)
  to   space 5120K, 0% used [0x00000000de700000,0x00000000de700000,0x00000000dec00000)
 ParOldGen       total 61952K, used 47189K [0x0000000082600000, 0x0000000086280000, 0x00000000d6200000)
  object space 61952K, 76% used [0x0000000082600000,0x0000000085415688,0x0000000086280000)
 Metaspace       used 28617K, capacity 29168K, committed 29184K, reserved 1075200K
  class space    used 3422K, capacity 3584K, committed 3584K, reserved 1048576K
Event: 11.845 GC heap after
Heap after GC invocations=11 (full 4):
 PSYoungGen      total 136192K, used 0K [0x00000000d6200000, 0x00000000dec00000, 0x0000000100000000)
  eden space 131072K, 0% used [0x00000000d6200000,0x00000000d6200000,0x00000000de200000)
  from space 5120K, 0% used [0x00000000de200000,0x00000000de200000,0x00000000de700000)
  to   space 5120K, 0% used [0x00000000de700000,0x00000000de700000,0x00000000dec00000)
 ParOldGen       total 61952K, used 47343K [0x0000000082600000, 0x0000000086280000, 0x00000000d6200000)
  object space 61952K, 76% used [0x0000000082600000,0x000000008543beb0,0x0000000086280000)
 Metaspace       used 28617K, capacity 29168K, committed 29184K, reserved 1075200K
  class space    used 3422K, capacity 3584K, committed 3584K, reserved 1048576K
}
Event: 12.475 GC heap before
{Heap before GC invocations=12 (full 5):
 PSYoungGen      total 136192K, used 131072K [0x00000000d6200000, 0x00000000dec00000, 0x0000000100000000)
  eden space 131072K, 100% used [0x00000000d6200000,0x00000000de200000,0x00000000de200000)
  from space 5120K, 0% used [0x00000000de200000,0x00000000de200000,0x00000000de700000)
  to   space 5120K, 0% used [0x00000000de700000,0x00000000de700000,0x00000000dec00000)
 ParOldGen       total 61952K, used 47343K [0x0000000082600000, 0x0000000086280000, 0x00000000d6200000)
  object space 61952K, 76% used [0x0000000082600000,0x000000008543beb0,0x0000000086280000)
 Metaspace       used 28619K, capacity 29168K, committed 29184K, reserved 1075200K
  class space    used 3422K, capacity 3584K, committed 3584K, reserved 1048576K
Event: 12.568 GC heap after
Heap after GC invocations=12 (full 5):
 PSYoungGen      total 136192K, used 0K [0x00000000d6200000, 0x00000000dec00000, 0x0000000100000000)
  eden space 131072K, 0% used [0x00000000d6200000,0x00000000d6200000,0x00000000de200000)
  from space 5120K, 0% used [0x00000000de200000,0x00000000de200000,0x00000000de700000)
  to   space 5120K, 0% used [0x00000000de700000,0x00000000de700000,0x00000000dec00000)
 ParOldGen       total 61952K, used 50328K [0x0000000082600000, 0x0000000086280000, 0x00000000d6200000)
  object space 61952K, 81% used [0x0000000082600000,0x0000000085726000,0x0000000086280000)
 Metaspace       used 28619K, capacity 29168K, committed 29184K, reserved 1075200K
  class space    used 3422K, capacity 3584K, committed 3584K, reserved 1048576K
}
Event: 13.206 GC heap before
{Heap before GC invocations=13 (full 6):
 PSYoungGen      total 136192K, used 131072K [0x00000000d6200000, 0x00000000dec00000, 0x0000000100000000)
  eden space 131072K, 100% used [0x00000000d6200000,0x00000000de200000,0x00000000de200000)
  from space 5120K, 0% used [0x00000000de200000,0x00000000de200000,0x00000000de700000)
  to   space 5120K, 0% used [0x00000000de700000,0x00000000de700000,0x00000000dec00000)
 ParOldGen       total 61952K, used 50328K [0x0000000082600000, 0x0000000086280000, 0x00000000d6200000)
  object space 61952K, 81% used [0x0000000082600000,0x0000000085726000,0x0000000086280000)
 Metaspace       used 28619K, capacity 29168K, committed 29184K, reserved 1075200K
  class space    used 3422K, capacity 3584K, committed 3584K, reserved 1048576K
Event: 13.316 GC heap after
Heap after GC invocations=13 (full 6):
 PSYoungGen      total 136192K, used 0K [0x00000000d6200000, 0x00000000dec00000, 0x0000000100000000)
  eden space 131072K, 0% used [0x00000000d6200000,0x00000000d6200000,0x00000000de200000)
  from space 5120K, 0% used [0x00000000de200000,0x00000000de200000,0x00000000de700000)
  to   space 5120K, 0% used [0x00000000de700000,0x00000000de700000,0x00000000dec00000)
 ParOldGen       total 61952K, used 52380K [0x0000000082600000, 0x0000000086280000, 0x00000000d6200000)
  object space 61952K, 84% used [0x0000000082600000,0x00000000859272e0,0x0000000086280000)
 Metaspace       used 28619K, capacity 29168K, committed 29184K, reserved 1075200K
  class space    used 3422K, capacity 3584K, committed 3584K, reserved 1048576K
}
Event: 15.285 GC heap before
{Heap before GC invocations=14 (full 7):
 PSYoungGen      total 136192K, used 131072K [0x00000000d6200000, 0x00000000dec00000, 0x0000000100000000)
  eden space 131072K, 100% used [0x00000000d6200000,0x00000000de200000,0x00000000de200000)
  from space 5120K, 0% used [0x00000000de200000,0x00000000de200000,0x00000000de700000)
  to   space 5120K, 0% used [0x00000000de700000,0x00000000de700000,0x00000000dec00000)
 ParOldGen       total 61952K, used 52380K [0x0000000082600000, 0x0000000086280000, 0x00000000d6200000)
  object space 61952K, 84% used [0x0000000082600000,0x00000000859272e0,0x0000000086280000)
 Metaspace       used 37228K, capacity 37868K, committed 38016K, reserved 1083392K
  class space    used 4476K, capacity 4690K, committed 4736K, reserved 1048576K

