# JRE version: Java(TM) SE Runtime Environment (8.0_144-b01) (build 1.8.0_144-b01)
# Java VM: Java HotSpot(TM) 64-Bit Server VM (25.144-b01 mixed mode windows-amd64 compressed oops)
Heap:
 PSYoungGen      total 141824K, used 25227K [0x00000000d6200000, 0x00000000df700000, 0x0000000100000000)
  eden space 131072K, 11% used [0x00000000d6200000,0x00000000d7025a48,0x00000000de200000)
  from space 10752K, 99% used [0x00000000dec80000,0x00000000df6fd578,0x00000000df700000)
  to   space 10752K, 0% used [0x00000000de200000,0x00000000de200000,0x00000000dec80000)
 ParOldGen       total 71168K, used 39772K [0x0000000082600000, 0x0000000086b80000, 0x00000000d6200000)
  object space 71168K, 55% used [0x0000000082600000,0x0000000084cd73a8,0x0000000086b80000)
 Metaspace       used 23722K, capacity 24248K, committed 24496K, reserved 1071104K
  class space    used 2778K, capacity 2904K, committed 2992K, reserved 1048576K
GC Heap History (10 events):
Event: 3.466 GC heap before
{Heap before GC invocations=5 (full 0):
 PSYoungGen      total 70656K, used 70632K [0x00000000d6200000, 0x00000000dac00000, 0x0000000100000000)
  eden space 65536K, 100% used [0x00000000d6200000,0x00000000da200000,0x00000000da200000)
  from space 5120K, 99% used [0x00000000da700000,0x00000000dabfa040,0x00000000dac00000)
  to   space 5120K, 0% used [0x00000000da200000,0x00000000da200000,0x00000000da700000)
 ParOldGen       total 86016K, used 6726K [0x0000000082600000, 0x0000000087a00000, 0x00000000d6200000)
  object space 86016K, 7% used [0x0000000082600000,0x0000000082c91950,0x0000000087a00000)
 Metaspace       used 17273K, capacity 17810K, committed 18048K, reserved 1064960K
  class space    used 2030K, capacity 2167K, committed 2176K, reserved 1048576K
Event: 3.477 GC heap after
Heap after GC invocations=5 (full 0):
 PSYoungGen      total 70656K, used 5096K [0x00000000d6200000, 0x00000000df700000, 0x0000000100000000)
  eden space 65536K, 0% used [0x00000000d6200000,0x00000000d6200000,0x00000000da200000)
  from space 5120K, 99% used [0x00000000da200000,0x00000000da6fa040,0x00000000da700000)
  to   space 10752K, 0% used [0x00000000dec80000,0x00000000dec80000,0x00000000df700000)
 ParOldGen       total 86016K, used 11233K [0x0000000082600000, 0x0000000087a00000, 0x00000000d6200000)
  object space 86016K, 13% used [0x0000000082600000,0x00000000830f8558,0x0000000087a00000)
 Metaspace       used 17273K, capacity 17810K, committed 18048K, reserved 1064960K
  class space    used 2030K, capacity 2167K, committed 2176K, reserved 1048576K
}
Event: 4.664 GC heap before
{Heap before GC invocations=6 (full 0):
 PSYoungGen      total 70656K, used 34196K [0x00000000d6200000, 0x00000000df700000, 0x0000000100000000)
  eden space 65536K, 44% used [0x00000000d6200000,0x00000000d7e6b100,0x00000000da200000)
  from space 5120K, 99% used [0x00000000da200000,0x00000000da6fa040,0x00000000da700000)
  to   space 10752K, 0% used [0x00000000dec80000,0x00000000dec80000,0x00000000df700000)
 ParOldGen       total 86016K, used 11233K [0x0000000082600000, 0x0000000087a00000, 0x00000000d6200000)
  object space 86016K, 13% used [0x0000000082600000,0x00000000830f8558,0x0000000087a00000)
 Metaspace       used 20733K, capacity 21194K, committed 21296K, reserved 1069056K
  class space    used 2459K, capacity 2591K, committed 2608K, reserved 1048576K
Event: 4.673 GC heap after
Heap after GC invocations=6 (full 0):
 PSYoungGen      total 141824K, used 8533K [0x00000000d6200000, 0x00000000df700000, 0x0000000100000000)
  eden space 131072K, 0% used [0x00000000d6200000,0x00000000d6200000,0x00000000de200000)
  from space 10752K, 79% used [0x00000000dec80000,0x00000000df4d5730,0x00000000df700000)
  to   space 10752K, 0% used [0x00000000de200000,0x00000000de200000,0x00000000dec80000)
 ParOldGen       total 86016K, used 11241K [0x0000000082600000, 0x0000000087a00000, 0x00000000d6200000)
  object space 86016K, 13% used [0x0000000082600000,0x00000000830fa558,0x0000000087a00000)
 Metaspace       used 20733K, capacity 21194K, committed 21296K, reserved 1069056K
  class space    used 2459K, capacity 2591K, committed 2608K, reserved 1048576K
}
Event: 4.673 GC heap before
{Heap before GC invocations=7 (full 1):
 PSYoungGen      total 141824K, used 8533K [0x00000000d6200000, 0x00000000df700000, 0x0000000100000000)
  eden space 131072K, 0% used [0x00000000d6200000,0x00000000d6200000,0x00000000de200000)
  from space 10752K, 79% used [0x00000000dec80000,0x00000000df4d5730,0x00000000df700000)
  to   space 10752K, 0% used [0x00000000de200000,0x00000000de200000,0x00000000dec80000)
 ParOldGen       total 86016K, used 11241K [0x0000000082600000, 0x0000000087a00000, 0x00000000d6200000)
  object space 86016K, 13% used [0x0000000082600000,0x00000000830fa558,0x0000000087a00000)
 Metaspace       used 20733K, capacity 21194K, committed 21296K, reserved 1069056K
  class space    used 2459K, capacity 2591K, committed 2608K, reserved 1048576K
Event: 4.744 GC heap after
Heap after GC invocations=7 (full 1):
 PSYoungGen      total 141824K, used 0K [0x00000000d6200000, 0x00000000df700000, 0x0000000100000000)
  eden space 131072K, 0% used [0x00000000d6200000,0x00000000d6200000,0x00000000de200000)
  from space 10752K, 0% used [0x00000000dec80000,0x00000000dec80000,0x00000000df700000)
  to   space 10752K, 0% used [0x00000000de200000,0x00000000de200000,0x00000000dec80000)
 ParOldGen       total 71168K, used 13387K [0x0000000082600000, 0x0000000086b80000, 0x00000000d6200000)
  object space 71168K, 18% used [0x0000000082600000,0x0000000083312eb0,0x0000000086b80000)
 Metaspace       used 20733K, capacity 21194K, committed 21296K, reserved 1069056K
  class space    used 2459K, capacity 2591K, committed 2608K, reserved 1048576K
}
Event: 6.484 GC heap before
{Heap before GC invocations=8 (full 1):
 PSYoungGen      total 141824K, used 131072K [0x00000000d6200000, 0x00000000df700000, 0x0000000100000000)
  eden space 131072K, 100% used [0x00000000d6200000,0x00000000de200000,0x00000000de200000)
  from space 10752K, 0% used [0x00000000dec80000,0x00000000dec80000,0x00000000df700000)
  to   space 10752K, 0% used [0x00000000de200000,0x00000000de200000,0x00000000dec80000)
 ParOldGen       total 71168K, used 13387K [0x0000000082600000, 0x0000000086b80000, 0x00000000d6200000)
  object space 71168K, 18% used [0x0000000082600000,0x0000000083312eb0,0x0000000086b80000)
 Metaspace       used 23717K, capacity 24248K, committed 24496K, reserved 1071104K
  class space    used 2778K, capacity 2904K, committed 2992K, reserved 1048576K
Event: 6.500 GC heap after
Heap after GC invocations=8 (full 1):
 PSYoungGen      total 141824K, used 10744K [0x00000000d6200000, 0x00000000df700000, 0x0000000100000000)
  eden space 131072K, 0% used [0x00000000d6200000,0x00000000d6200000,0x00000000de200000)
  from space 10752K, 99% used [0x00000000de200000,0x00000000dec7e140,0x00000000dec80000)
  to   space 10752K, 0% used [0x00000000dec80000,0x00000000dec80000,0x00000000df700000)
 ParOldGen       total 71168K, used 22426K [0x0000000082600000, 0x0000000086b80000, 0x00000000d6200000)
  object space 71168K, 31% used [0x0000000082600000,0x0000000083be69c0,0x0000000086b80000)
 Metaspace       used 23717K, capacity 24248K, committed 24496K, reserved 1071104K
  class space    used 2778K, capacity 2904K, committed 2992K, reserved 1048576K
}
Event: 7.334 GC heap before
{Heap before GC invocations=9 (full 1):
 PSYoungGen      total 141824K, used 141816K [0x00000000d6200000, 0x00000000df700000, 0x0000000100000000)
  eden space 131072K, 100% used [0x00000000d6200000,0x00000000de200000,0x00000000de200000)
  from space 10752K, 99% used [0x00000000de200000,0x00000000dec7e140,0x00000000dec80000)
  to   space 10752K, 0% used [0x00000000dec80000,0x00000000dec80000,0x00000000df700000)
 ParOldGen       total 71168K, used 22426K [0x0000000082600000, 0x0000000086b80000, 0x00000000d6200000)
  object space 71168K, 31% used [0x0000000082600000,0x0000000083be69c0,0x0000000086b80000)
 Metaspace       used 23721K, capacity 24248K, committed 24496K, reserved 1071104K
  class space    used 2778K, capacity 2904K, committed 2992K, reserved 1048576K
Event: 7.362 GC heap after
Heap after GC invocations=9 (full 1):
 PSYoungGen      total 141824K, used 10741K [0x00000000d6200000, 0x00000000df700000, 0x0000000100000000)
  eden space 131072K, 0% used [0x00000000d6200000,0x00000000d6200000,0x00000000de200000)
  from space 10752K, 99% used [0x00000000dec80000,0x00000000df6fd578,0x00000000df700000)
  to   space 10752K, 0% used [0x00000000de200000,0x00000000de200000,0x00000000dec80000)
 ParOldGen       total 71168K, used 39772K [0x0000000082600000, 0x0000000086b80000, 0x00000000d6200000)
  object space 71168K, 55% used [0x0000000082600000,0x0000000084cd73a8,0x0000000086b80000)
 Metaspace       used 23721K, capacity 24248K, committed 24496K, reserved 1071104K
  class space    used 2778K, capacity 2904K, committed 2992K, reserved 1048576K
}

