# JRE version: Java(TM) SE Runtime Environment (8.0_144-b01) (build 1.8.0_144-b01)
# Java VM: Java HotSpot(TM) 64-Bit Server VM (25.144-b01 mixed mode windows-amd64 compressed oops)
Heap:
 PSYoungGen      total 161792K, used 1013K [0x00000000d6200000, 0x00000000e2a80000, 0x0000000100000000)
  eden space 130560K, 0% used [0x00000000d6200000,0x00000000d6200000,0x00000000de180000)
  from space 31232K, 3% used [0x00000000e0c00000,0x00000000e0cfd430,0x00000000e2a80000)
  to   space 10752K, 0% used [0x00000000de180000,0x00000000de180000,0x00000000dec00000)
 ParOldGen       total 68096K, used 35695K [0x0000000082600000, 0x0000000086880000, 0x00000000d6200000)
  object space 68096K, 52% used [0x0000000082600000,0x00000000848dbce0,0x0000000086880000)
 Metaspace       used 35951K, capacity 36616K, committed 36784K, reserved 1085440K
  class space    used 4298K, capacity 4526K, committed 4528K, reserved 1048576K
GC Heap History (10 events):
Event: 8.684 GC heap after
Heap after GC invocations=15 (full 4):
 PSYoungGen      total 141312K, used 0K [0x00000000d6200000, 0x00000000df700000, 0x0000000100000000)
  eden space 130560K, 0% used [0x00000000d6200000,0x00000000d6200000,0x00000000de180000)
  from space 10752K, 0% used [0x00000000de180000,0x00000000de180000,0x00000000dec00000)
  to   space 10240K, 0% used [0x00000000dec00000,0x00000000dec00000,0x00000000df600000)
 ParOldGen       total 68096K, used 42244K [0x0000000082600000, 0x0000000086880000, 0x00000000d6200000)
  object space 68096K, 62% used [0x0000000082600000,0x0000000084f411b0,0x0000000086880000)
 Metaspace       used 23723K, capacity 24248K, committed 24496K, reserved 1071104K
  class space    used 2779K, capacity 2904K, committed 2992K, reserved 1048576K
}
Event: 9.279 GC heap before
{Heap before GC invocations=16 (full 4):
 PSYoungGen      total 141312K, used 130560K [0x00000000d6200000, 0x00000000df700000, 0x0000000100000000)
  eden space 130560K, 100% used [0x00000000d6200000,0x00000000de180000,0x00000000de180000)
  from space 10752K, 0% used [0x00000000de180000,0x00000000de180000,0x00000000dec00000)
  to   space 10240K, 0% used [0x00000000dec00000,0x00000000dec00000,0x00000000df600000)
 ParOldGen       total 68096K, used 42244K [0x0000000082600000, 0x0000000086880000, 0x00000000d6200000)
  object space 68096K, 62% used [0x0000000082600000,0x0000000084f411b0,0x0000000086880000)
 Metaspace       used 24314K, capacity 24928K, committed 25136K, reserved 1071104K
  class space    used 2850K, capacity 3004K, committed 3120K, reserved 1048576K
Event: 9.294 GC heap after
Heap after GC invocations=16 (full 4):
 PSYoungGen      total 140800K, used 10220K [0x00000000d6200000, 0x00000000df700000, 0x0000000100000000)
  eden space 130560K, 0% used [0x00000000d6200000,0x00000000d6200000,0x00000000de180000)
  from space 10240K, 99% used [0x00000000dec00000,0x00000000df5fb118,0x00000000df600000)
  to   space 10752K, 0% used [0x00000000de180000,0x00000000de180000,0x00000000dec00000)
 ParOldGen       total 68096K, used 51245K [0x0000000082600000, 0x0000000086880000, 0x00000000d6200000)
  object space 68096K, 75% used [0x0000000082600000,0x000000008580b648,0x0000000086880000)
 Metaspace       used 24314K, capacity 24928K, committed 25136K, reserved 1071104K
  class space    used 2850K, capacity 3004K, committed 3120K, reserved 1048576K
}
Event: 9.294 GC heap before
{Heap before GC invocations=17 (full 5):
 PSYoungGen      total 140800K, used 10220K [0x00000000d6200000, 0x00000000df700000, 0x0000000100000000)
  eden space 130560K, 0% used [0x00000000d6200000,0x00000000d6200000,0x00000000de180000)
  from space 10240K, 99% used [0x00000000dec00000,0x00000000df5fb118,0x00000000df600000)
  to   space 10752K, 0% used [0x00000000de180000,0x00000000de180000,0x00000000dec00000)
 ParOldGen       total 68096K, used 51245K [0x0000000082600000, 0x0000000086880000, 0x00000000d6200000)
  object space 68096K, 75% used [0x0000000082600000,0x000000008580b648,0x0000000086880000)
 Metaspace       used 24314K, capacity 24928K, committed 25136K, reserved 1071104K
  class space    used 2850K, capacity 3004K, committed 3120K, reserved 1048576K
Event: 9.380 GC heap after
Heap after GC invocations=17 (full 5):
 PSYoungGen      total 140800K, used 0K [0x00000000d6200000, 0x00000000df700000, 0x0000000100000000)
  eden space 130560K, 0% used [0x00000000d6200000,0x00000000d6200000,0x00000000de180000)
  from space 10240K, 0% used [0x00000000dec00000,0x00000000dec00000,0x00000000df600000)
  to   space 10752K, 0% used [0x00000000de180000,0x00000000de180000,0x00000000dec00000)
 ParOldGen       total 68096K, used 31958K [0x0000000082600000, 0x0000000086880000, 0x00000000d6200000)
  object space 68096K, 46% used [0x0000000082600000,0x0000000084535948,0x0000000086880000)
 Metaspace       used 24314K, capacity 24928K, committed 25136K, reserved 1071104K
  class space    used 2850K, capacity 3004K, committed 3120K, reserved 1048576K
}
Event: 11.245 GC heap before
{Heap before GC invocations=18 (full 5):
 PSYoungGen      total 140800K, used 130560K [0x00000000d6200000, 0x00000000df700000, 0x0000000100000000)
  eden space 130560K, 100% used [0x00000000d6200000,0x00000000de180000,0x00000000de180000)
  from space 10240K, 0% used [0x00000000dec00000,0x00000000dec00000,0x00000000df600000)
  to   space 10752K, 0% used [0x00000000de180000,0x00000000de180000,0x00000000dec00000)
 ParOldGen       total 68096K, used 31958K [0x0000000082600000, 0x0000000086880000, 0x00000000d6200000)
  object space 68096K, 46% used [0x0000000082600000,0x0000000084535948,0x0000000086880000)
 Metaspace       used 35525K, capacity 36226K, committed 36528K, reserved 1081344K
  class space    used 4244K, capacity 4461K, committed 4528K, reserved 1048576K
Event: 11.256 GC heap after
Heap after GC invocations=18 (full 5):
 PSYoungGen      total 141312K, used 10734K [0x00000000d6200000, 0x00000000e2a80000, 0x0000000100000000)
  eden space 130560K, 0% used [0x00000000d6200000,0x00000000d6200000,0x00000000de180000)
  from space 10752K, 99% used [0x00000000de180000,0x00000000debfbbf0,0x00000000dec00000)
  to   space 31232K, 0% used [0x00000000e0c00000,0x00000000e0c00000,0x00000000e2a80000)
 ParOldGen       total 68096K, used 32343K [0x0000000082600000, 0x0000000086880000, 0x00000000d6200000)
  object space 68096K, 47% used [0x0000000082600000,0x0000000084595ee0,0x0000000086880000)
 Metaspace       used 35525K, capacity 36226K, committed 36528K, reserved 1081344K
  class space    used 4244K, capacity 4461K, committed 4528K, reserved 1048576K
}
Event: 11.336 GC heap before
{Heap before GC invocations=19 (full 5):
 PSYoungGen      total 141312K, used 22911K [0x00000000d6200000, 0x00000000e2a80000, 0x0000000100000000)
  eden space 130560K, 9% used [0x00000000d6200000,0x00000000d6de4308,0x00000000de180000)
  from space 10752K, 99% used [0x00000000de180000,0x00000000debfbbf0,0x00000000dec00000)
  to   space 31232K, 0% used [0x00000000e0c00000,0x00000000e0c00000,0x00000000e2a80000)
 ParOldGen       total 68096K, used 32343K [0x0000000082600000, 0x0000000086880000, 0x00000000d6200000)
  object space 68096K, 47% used [0x0000000082600000,0x0000000084595ee0,0x0000000086880000)
 Metaspace       used 35951K, capacity 36616K, committed 36784K, reserved 1085440K
  class space    used 4298K, capacity 4526K, committed 4528K, reserved 1048576K
Event: 11.342 GC heap after
Heap after GC invocations=19 (full 5):
 PSYoungGen      total 161792K, used 1013K [0x00000000d6200000, 0x00000000e2a80000, 0x0000000100000000)
  eden space 130560K, 0% used [0x00000000d6200000,0x00000000d6200000,0x00000000de180000)
  from space 31232K, 3% used [0x00000000e0c00000,0x00000000e0cfd430,0x00000000e2a80000)
  to   space 10752K, 0% used [0x00000000de180000,0x00000000de180000,0x00000000dec00000)
 ParOldGen       total 68096K, used 35695K [0x0000000082600000, 0x0000000086880000, 0x00000000d6200000)
  object space 68096K, 52% used [0x0000000082600000,0x00000000848dbce0,0x0000000086880000)
 Metaspace       used 35951K, capacity 36616K, committed 36784K, reserved 1085440K
  class space    used 4298K, capacity 4526K, committed 4528K, reserved 1048576K
}
Event: 11.342 GC heap before
{Heap before GC invocations=20 (full 6):
 PSYoungGen      total 161792K, used 1013K [0x00000000d6200000, 0x00000000e2a80000, 0x0000000100000000)
  eden space 130560K, 0% used [0x00000000d6200000,0x00000000d6200000,0x00000000de180000)
  from space 31232K, 3% used [0x00000000e0c00000,0x00000000e0cfd430,0x00000000e2a80000)
  to   space 10752K, 0% used [0x00000000de180000,0x00000000de180000,0x00000000dec00000)
 ParOldGen       total 68096K, used 35695K [0x0000000082600000, 0x0000000086880000, 0x00000000d6200000)
  object space 68096K, 52% used [0x0000000082600000,0x00000000848dbce0,0x0000000086880000)
 Metaspace       used 35951K, capacity 36616K, committed 36784K, reserved 1085440K
  class space    used 4298K, capacity 4526K, committed 4528K, reserved 1048576K

