# JRE version: Java(TM) SE Runtime Environment (8.0_144-b01) (build 1.8.0_144-b01)
# Java VM: Java HotSpot(TM) 64-Bit Server VM (25.144-b01 mixed mode windows-amd64 compressed oops)
Heap:
 PSYoungGen      total 299008K, used 88230K [0x00000000d6200000, 0x00000000eab00000, 0x0000000100000000)
  eden space 267264K, 33% used [0x00000000d6200000,0x00000000db829b40,0x00000000e6700000)
  from space 31744K, 0% used [0x00000000e8c00000,0x00000000e8c00000,0x00000000eab00000)
  to   space 34816K, 0% used [0x00000000e6700000,0x00000000e6700000,0x00000000e8900000)
 ParOldGen       total 96256K, used 23319K [0x0000000082600000, 0x0000000088400000, 0x00000000d6200000)
  object space 96256K, 24% used [0x0000000082600000,0x0000000083cc5f00,0x0000000088400000)
 Metaspace       used 40301K, capacity 41056K, committed 41384K, reserved 1085440K
  class space    used 4828K, capacity 5022K, committed 5040K, reserved 1048576K
GC Heap History (10 events):
Event: 25.447 GC heap before
{Heap before GC invocations=10 (full 1):
 PSYoungGen      total 144896K, used 144874K [0x00000000d6200000, 0x00000000e6a00000, 0x0000000100000000)
  eden space 127488K, 100% used [0x00000000d6200000,0x00000000dde80000,0x00000000dde80000)
  from space 17408K, 99% used [0x00000000df500000,0x00000000e05fa8a0,0x00000000e0600000)
  to   space 23040K, 0% used [0x00000000dde80000,0x00000000dde80000,0x00000000df500000)
 ParOldGen       total 73216K, used 25728K [0x0000000082600000, 0x0000000086d80000, 0x00000000d6200000)
  object space 73216K, 35% used [0x0000000082600000,0x0000000083f20078,0x0000000086d80000)
 Metaspace       used 23768K, capacity 24334K, committed 24496K, reserved 1071104K
  class space    used 2781K, capacity 2934K, committed 2992K, reserved 1048576K
Event: 26.598 GC heap after
Heap after GC invocations=10 (full 1):
 PSYoungGen      total 150528K, used 23029K [0x00000000d6200000, 0x00000000e5200000, 0x0000000100000000)
  eden space 127488K, 0% used [0x00000000d6200000,0x00000000d6200000,0x00000000dde80000)
  from space 23040K, 99% used [0x00000000dde80000,0x00000000df4fd6f8,0x00000000df500000)
  to   space 28160K, 0% used [0x00000000e3680000,0x00000000e3680000,0x00000000e5200000)
 ParOldGen       total 73216K, used 30313K [0x0000000082600000, 0x0000000086d80000, 0x00000000d6200000)
  object space 73216K, 41% used [0x0000000082600000,0x000000008439a448,0x0000000086d80000)
 Metaspace       used 23768K, capacity 24334K, committed 24496K, reserved 1071104K
  class space    used 2781K, capacity 2934K, committed 2992K, reserved 1048576K
}
Event: 30.326 GC heap before
{Heap before GC invocations=11 (full 1):
 PSYoungGen      total 150528K, used 150517K [0x00000000d6200000, 0x00000000e5200000, 0x0000000100000000)
  eden space 127488K, 100% used [0x00000000d6200000,0x00000000dde80000,0x00000000dde80000)
  from space 23040K, 99% used [0x00000000dde80000,0x00000000df4fd6f8,0x00000000df500000)
  to   space 28160K, 0% used [0x00000000e3680000,0x00000000e3680000,0x00000000e5200000)
 ParOldGen       total 73216K, used 30313K [0x0000000082600000, 0x0000000086d80000, 0x00000000d6200000)
  object space 73216K, 41% used [0x0000000082600000,0x000000008439a448,0x0000000086d80000)
 Metaspace       used 23768K, capacity 24334K, committed 24496K, reserved 1071104K
  class space    used 2781K, capacity 2934K, committed 2992K, reserved 1048576K
Event: 30.752 GC heap after
Heap after GC invocations=11 (full 1):
 PSYoungGen      total 212480K, used 28154K [0x00000000d6200000, 0x00000000e5c00000, 0x0000000100000000)
  eden space 184320K, 0% used [0x00000000d6200000,0x00000000d6200000,0x00000000e1600000)
  from space 28160K, 99% used [0x00000000e3680000,0x00000000e51fe870,0x00000000e5200000)
  to   space 33280K, 0% used [0x00000000e1600000,0x00000000e1600000,0x00000000e3680000)
 ParOldGen       total 73216K, used 33565K [0x0000000082600000, 0x0000000086d80000, 0x00000000d6200000)
  object space 73216K, 45% used [0x0000000082600000,0x00000000846c7730,0x0000000086d80000)
 Metaspace       used 23768K, capacity 24334K, committed 24496K, reserved 1071104K
  class space    used 2781K, capacity 2934K, committed 2992K, reserved 1048576K
}
Event: 45.274 GC heap before
{Heap before GC invocations=12 (full 1):
 PSYoungGen      total 212480K, used 212474K [0x00000000d6200000, 0x00000000e5c00000, 0x0000000100000000)
  eden space 184320K, 100% used [0x00000000d6200000,0x00000000e1600000,0x00000000e1600000)
  from space 28160K, 99% used [0x00000000e3680000,0x00000000e51fe870,0x00000000e5200000)
  to   space 33280K, 0% used [0x00000000e1600000,0x00000000e1600000,0x00000000e3680000)
 ParOldGen       total 73216K, used 33565K [0x0000000082600000, 0x0000000086d80000, 0x00000000d6200000)
  object space 73216K, 45% used [0x0000000082600000,0x00000000846c7730,0x0000000086d80000)
 Metaspace       used 33871K, capacity 34616K, committed 34992K, reserved 1079296K
  class space    used 3999K, capacity 4202K, committed 4272K, reserved 1048576K
Event: 45.726 GC heap after
Heap after GC invocations=12 (full 1):
 PSYoungGen      total 217600K, used 25039K [0x00000000d6200000, 0x00000000eae80000, 0x0000000100000000)
  eden space 184320K, 0% used [0x00000000d6200000,0x00000000d6200000,0x00000000e1600000)
  from space 33280K, 75% used [0x00000000e1600000,0x00000000e2e73fd8,0x00000000e3680000)
  to   space 35328K, 0% used [0x00000000e8c00000,0x00000000e8c00000,0x00000000eae80000)
 ParOldGen       total 73216K, used 34881K [0x0000000082600000, 0x0000000086d80000, 0x00000000d6200000)
  object space 73216K, 47% used [0x0000000082600000,0x0000000084810428,0x0000000086d80000)
 Metaspace       used 33871K, capacity 34616K, committed 34992K, reserved 1079296K
  class space    used 3999K, capacity 4202K, committed 4272K, reserved 1048576K
}
Event: 47.267 GC heap before
{Heap before GC invocations=13 (full 1):
 PSYoungGen      total 217600K, used 46100K [0x00000000d6200000, 0x00000000eae80000, 0x0000000100000000)
  eden space 184320K, 11% used [0x00000000d6200000,0x00000000d7691278,0x00000000e1600000)
  from space 33280K, 75% used [0x00000000e1600000,0x00000000e2e73fd8,0x00000000e3680000)
  to   space 35328K, 0% used [0x00000000e8c00000,0x00000000e8c00000,0x00000000eae80000)
 ParOldGen       total 73216K, used 34881K [0x0000000082600000, 0x0000000086d80000, 0x00000000d6200000)
  object space 73216K, 47% used [0x0000000082600000,0x0000000084810428,0x0000000086d80000)
 Metaspace       used 34577K, capacity 35320K, committed 35496K, reserved 1081344K
  class space    used 4077K, capacity 4266K, committed 4272K, reserved 1048576K
Event: 47.351 GC heap after
Heap after GC invocations=13 (full 1):
 PSYoungGen      total 299008K, used 8303K [0x00000000d6200000, 0x00000000eab00000, 0x0000000100000000)
  eden space 267264K, 0% used [0x00000000d6200000,0x00000000d6200000,0x00000000e6700000)
  from space 31744K, 26% used [0x00000000e8c00000,0x00000000e941bc18,0x00000000eab00000)
  to   space 34816K, 0% used [0x00000000e6700000,0x00000000e6700000,0x00000000e8900000)
 ParOldGen       total 73216K, used 35684K [0x0000000082600000, 0x0000000086d80000, 0x00000000d6200000)
  object space 73216K, 48% used [0x0000000082600000,0x00000000848d90c0,0x0000000086d80000)
 Metaspace       used 34577K, capacity 35320K, committed 35496K, reserved 1081344K
  class space    used 4077K, capacity 4266K, committed 4272K, reserved 1048576K
}
Event: 47.351 GC heap before
{Heap before GC invocations=14 (full 2):
 PSYoungGen      total 299008K, used 8303K [0x00000000d6200000, 0x00000000eab00000, 0x0000000100000000)
  eden space 267264K, 0% used [0x00000000d6200000,0x00000000d6200000,0x00000000e6700000)
  from space 31744K, 26% used [0x00000000e8c00000,0x00000000e941bc18,0x00000000eab00000)
  to   space 34816K, 0% used [0x00000000e6700000,0x00000000e6700000,0x00000000e8900000)
 ParOldGen       total 73216K, used 35684K [0x0000000082600000, 0x0000000086d80000, 0x00000000d6200000)
  object space 73216K, 48% used [0x0000000082600000,0x00000000848d90c0,0x0000000086d80000)
 Metaspace       used 34577K, capacity 35320K, committed 35496K, reserved 1081344K
  class space    used 4077K, capacity 4266K, committed 4272K, reserved 1048576K
Event: 47.900 GC heap after
Heap after GC invocations=14 (full 2):
 PSYoungGen      total 299008K, used 0K [0x00000000d6200000, 0x00000000eab00000, 0x0000000100000000)
  eden space 267264K, 0% used [0x00000000d6200000,0x00000000d6200000,0x00000000e6700000)
  from space 31744K, 0% used [0x00000000e8c00000,0x00000000e8c00000,0x00000000eab00000)
  to   space 34816K, 0% used [0x00000000e6700000,0x00000000e6700000,0x00000000e8900000)
 ParOldGen       total 96256K, used 23319K [0x0000000082600000, 0x0000000088400000, 0x00000000d6200000)
  object space 96256K, 24% used [0x0000000082600000,0x0000000083cc5f00,0x0000000088400000)
 Metaspace       used 34577K, capacity 35320K, committed 35496K, reserved 1081344K
  class space    used 4077K, capacity 4266K, committed 4272K, reserved 1048576K
}

