# JRE version: Java(TM) SE Runtime Environment (8.0_144-b01) (build 1.8.0_144-b01)
# Java VM: Java HotSpot(TM) 64-Bit Server VM (25.144-b01 mixed mode windows-amd64 compressed oops)
Heap:
 PSYoungGen      total 70656K, used 55694K [0x00000000d6200000, 0x00000000dac00000, 0x0000000100000000)
  eden space 65536K, 77% used [0x00000000d6200000,0x00000000d9364d28,0x00000000da200000)
  from space 5120K, 99% used [0x00000000da700000,0x00000000dabfeb50,0x00000000dac00000)
  to   space 5120K, 0% used [0x00000000da200000,0x00000000da200000,0x00000000da700000)
 ParOldGen       total 72192K, used 20098K [0x0000000082600000, 0x0000000086c80000, 0x00000000d6200000)
  object space 72192K, 27% used [0x0000000082600000,0x00000000839a0ab0,0x0000000086c80000)
 Metaspace       used 23691K, capacity 24270K, committed 24496K, reserved 1071104K
  class space    used 2779K, capacity 2934K, committed 2992K, reserved 1048576K
GC Heap History (10 events):
Event: 2.510 GC heap before
{Heap before GC invocations=3 (full 0):
 PSYoungGen      total 70656K, used 70645K [0x00000000d6200000, 0x00000000dac00000, 0x0000000100000000)
  eden space 65536K, 100% used [0x00000000d6200000,0x00000000da200000,0x00000000da200000)
  from space 5120K, 99% used [0x00000000da700000,0x00000000dabfd7c0,0x00000000dac00000)
  to   space 5120K, 0% used [0x00000000da200000,0x00000000da200000,0x00000000da700000)
 ParOldGen       total 86016K, used 2000K [0x0000000082600000, 0x0000000087a00000, 0x00000000d6200000)
  object space 86016K, 2% used [0x0000000082600000,0x00000000827f4040,0x0000000087a00000)
 Metaspace       used 15651K, capacity 15974K, committed 16128K, reserved 1062912K
  class space    used 1892K, capacity 1979K, committed 2048K, reserved 1048576K
Event: 2.524 GC heap after
Heap after GC invocations=3 (full 0):
 PSYoungGen      total 70656K, used 5096K [0x00000000d6200000, 0x00000000dac00000, 0x0000000100000000)
  eden space 65536K, 0% used [0x00000000d6200000,0x00000000d6200000,0x00000000da200000)
  from space 5120K, 99% used [0x00000000da200000,0x00000000da6fa040,0x00000000da700000)
  to   space 5120K, 0% used [0x00000000da700000,0x00000000da700000,0x00000000dac00000)
 ParOldGen       total 86016K, used 6717K [0x0000000082600000, 0x0000000087a00000, 0x00000000d6200000)
  object space 86016K, 7% used [0x0000000082600000,0x0000000082c8f628,0x0000000087a00000)
 Metaspace       used 15651K, capacity 15974K, committed 16128K, reserved 1062912K
  class space    used 1892K, capacity 1979K, committed 2048K, reserved 1048576K
}
Event: 3.639 GC heap before
{Heap before GC invocations=4 (full 0):
 PSYoungGen      total 70656K, used 70632K [0x00000000d6200000, 0x00000000dac00000, 0x0000000100000000)
  eden space 65536K, 100% used [0x00000000d6200000,0x00000000da200000,0x00000000da200000)
  from space 5120K, 99% used [0x00000000da200000,0x00000000da6fa040,0x00000000da700000)
  to   space 5120K, 0% used [0x00000000da700000,0x00000000da700000,0x00000000dac00000)
 ParOldGen       total 86016K, used 6717K [0x0000000082600000, 0x0000000087a00000, 0x00000000d6200000)
  object space 86016K, 7% used [0x0000000082600000,0x0000000082c8f628,0x0000000087a00000)
 Metaspace       used 17135K, capacity 17574K, committed 17792K, reserved 1064960K
  class space    used 2011K, capacity 2127K, committed 2176K, reserved 1048576K
Event: 3.649 GC heap after
Heap after GC invocations=4 (full 0):
 PSYoungGen      total 70656K, used 5096K [0x00000000d6200000, 0x00000000dac00000, 0x0000000100000000)
  eden space 65536K, 0% used [0x00000000d6200000,0x00000000d6200000,0x00000000da200000)
  from space 5120K, 99% used [0x00000000da700000,0x00000000dabfa040,0x00000000dac00000)
  to   space 5120K, 0% used [0x00000000da200000,0x00000000da200000,0x00000000da700000)
 ParOldGen       total 86016K, used 10896K [0x0000000082600000, 0x0000000087a00000, 0x00000000d6200000)
  object space 86016K, 12% used [0x0000000082600000,0x00000000830a40c8,0x0000000087a00000)
 Metaspace       used 17135K, capacity 17574K, committed 17792K, reserved 1064960K
  class space    used 2011K, capacity 2127K, committed 2176K, reserved 1048576K
}
Event: 4.788 GC heap before
{Heap before GC invocations=5 (full 0):
 PSYoungGen      total 70656K, used 37560K [0x00000000d6200000, 0x00000000dac00000, 0x0000000100000000)
  eden space 65536K, 49% used [0x00000000d6200000,0x00000000d81b3fd8,0x00000000da200000)
  from space 5120K, 99% used [0x00000000da700000,0x00000000dabfa040,0x00000000dac00000)
  to   space 5120K, 0% used [0x00000000da200000,0x00000000da200000,0x00000000da700000)
 ParOldGen       total 86016K, used 10896K [0x0000000082600000, 0x0000000087a00000, 0x00000000d6200000)
  object space 86016K, 12% used [0x0000000082600000,0x00000000830a40c8,0x0000000087a00000)
 Metaspace       used 20749K, capacity 21258K, committed 21296K, reserved 1069056K
  class space    used 2464K, capacity 2591K, committed 2608K, reserved 1048576K
Event: 4.796 GC heap after
Heap after GC invocations=5 (full 0):
 PSYoungGen      total 70656K, used 5108K [0x00000000d6200000, 0x00000000dac00000, 0x0000000100000000)
  eden space 65536K, 0% used [0x00000000d6200000,0x00000000d6200000,0x00000000da200000)
  from space 5120K, 99% used [0x00000000da200000,0x00000000da6fd030,0x00000000da700000)
  to   space 5120K, 0% used [0x00000000da700000,0x00000000da700000,0x00000000dac00000)
 ParOldGen       total 86016K, used 14720K [0x0000000082600000, 0x0000000087a00000, 0x00000000d6200000)
  object space 86016K, 17% used [0x0000000082600000,0x00000000834601d0,0x0000000087a00000)
 Metaspace       used 20749K, capacity 21258K, committed 21296K, reserved 1069056K
  class space    used 2464K, capacity 2591K, committed 2608K, reserved 1048576K
}
Event: 4.796 GC heap before
{Heap before GC invocations=6 (full 1):
 PSYoungGen      total 70656K, used 5108K [0x00000000d6200000, 0x00000000dac00000, 0x0000000100000000)
  eden space 65536K, 0% used [0x00000000d6200000,0x00000000d6200000,0x00000000da200000)
  from space 5120K, 99% used [0x00000000da200000,0x00000000da6fd030,0x00000000da700000)
  to   space 5120K, 0% used [0x00000000da700000,0x00000000da700000,0x00000000dac00000)
 ParOldGen       total 86016K, used 14720K [0x0000000082600000, 0x0000000087a00000, 0x00000000d6200000)
  object space 86016K, 17% used [0x0000000082600000,0x00000000834601d0,0x0000000087a00000)
 Metaspace       used 20749K, capacity 21258K, committed 21296K, reserved 1069056K
  class space    used 2464K, capacity 2591K, committed 2608K, reserved 1048576K
Event: 4.863 GC heap after
Heap after GC invocations=6 (full 1):
 PSYoungGen      total 70656K, used 0K [0x00000000d6200000, 0x00000000dac00000, 0x0000000100000000)
  eden space 65536K, 0% used [0x00000000d6200000,0x00000000d6200000,0x00000000da200000)
  from space 5120K, 0% used [0x00000000da200000,0x00000000da200000,0x00000000da700000)
  to   space 5120K, 0% used [0x00000000da700000,0x00000000da700000,0x00000000dac00000)
 ParOldGen       total 72192K, used 13780K [0x0000000082600000, 0x0000000086c80000, 0x00000000d6200000)
  object space 72192K, 19% used [0x0000000082600000,0x00000000833752e0,0x0000000086c80000)
 Metaspace       used 20749K, capacity 21258K, committed 21296K, reserved 1069056K
  class space    used 2464K, capacity 2591K, committed 2608K, reserved 1048576K
}
Event: 5.839 GC heap before
{Heap before GC invocations=7 (full 1):
 PSYoungGen      total 70656K, used 65536K [0x00000000d6200000, 0x00000000dac00000, 0x0000000100000000)
  eden space 65536K, 100% used [0x00000000d6200000,0x00000000da200000,0x00000000da200000)
  from space 5120K, 0% used [0x00000000da200000,0x00000000da200000,0x00000000da700000)
  to   space 5120K, 0% used [0x00000000da700000,0x00000000da700000,0x00000000dac00000)
 ParOldGen       total 72192K, used 13780K [0x0000000082600000, 0x0000000086c80000, 0x00000000d6200000)
  object space 72192K, 19% used [0x0000000082600000,0x00000000833752e0,0x0000000086c80000)
 Metaspace       used 23646K, capacity 24174K, committed 24496K, reserved 1071104K
  class space    used 2777K, capacity 2902K, committed 2992K, reserved 1048576K
Event: 5.857 GC heap after
Heap after GC invocations=7 (full 1):
 PSYoungGen      total 70656K, used 5114K [0x00000000d6200000, 0x00000000dac00000, 0x0000000100000000)
  eden space 65536K, 0% used [0x00000000d6200000,0x00000000d6200000,0x00000000da200000)
  from space 5120K, 99% used [0x00000000da700000,0x00000000dabfeb50,0x00000000dac00000)
  to   space 5120K, 0% used [0x00000000da200000,0x00000000da200000,0x00000000da700000)
 ParOldGen       total 72192K, used 20098K [0x0000000082600000, 0x0000000086c80000, 0x00000000d6200000)
  object space 72192K, 27% used [0x0000000082600000,0x00000000839a0ab0,0x0000000086c80000)
 Metaspace       used 23646K, capacity 24174K, committed 24496K, reserved 1071104K
  class space    used 2777K, capacity 2902K, committed 2992K, reserved 1048576K
}

